[19:01:14]Program started
[19:01:24]tree of type PINE created
[19:01:26]tree of type OAK created
[19:01:29]tree of type OAK removed
[19:01:31]tree of type PINE removed
[19:03:06]Program started
[19:03:51]Program started
[19:03:55]tree of type PINE created
[19:03:56]tree of type OAK created
[19:03:58]tree of type PINE removed
[19:04:01]tree of type OAK removed
[19:04:04]Program ended
[19:11:39]Program started
[19:11:43]tree of type PINE created
[19:11:45]tree of type OAK created
[19:11:47]tree of type BIRCH created
[19:11:49]tree of type PINE removed
[19:11:52]tree of type OAK removed
[19:11:54]tree of type BIRCH removed
[19:11:58]Program ended
[19:46:32]Program started
[19:46:42]tree of type PINE created
[19:46:45]tree of type OAK created
[19:46:47]tree of type PINE removed
[19:46:49]tree of type OAK removed
[19:46:52]Program ended
[19:48:18]Program started
[19:48:22]tree of type PINE created
[19:49:51]Program started
[19:49:57]tree of type PINE created
[19:49:58]tree of type OAK created
[19:50:44]Program started
[19:50:47]tree of type PINE created
[19:50:54]tree of type PINE removed
[19:50:56]tree of type OAK created
[19:50:58]tree of type OAK removed
[19:51:02]Program ended
[20:04:17]Program started
[20:04:26]Program ended
